<?xml version="1.0" encoding="utf-8"?><testsuites><testsuite name="pytest" errors="0" failures="0" skipped="0" tests="7" time="0.119" timestamp="2023-04-11T10:57:40.533871" hostname="zsj-RedmiBook-Pro-15S"><testcase classname="test.test_cpu.TestCpu" name="test_cpu_fetch" time="0.015" /><testcase classname="test.test_cpu.TestCpu" name="test_cpu_load" time="0.008" /><testcase classname="test.test_cpu.TestCpu" name="test_cpu_store" time="0.005" /><testcase classname="test.test_cpu.TestCpu" name="test_cpu_loadint" time="0.012" /><testcase classname="test.test_cpu.TestCpu" name="test_cpu_loaduint" time="0.005" /><testcase classname="test.test_util" name="test_2comp" time="0.000" /><testcase classname="test.test_util" name="test_origcode" time="0.000" /></testsuite></testsuites>